<?xml version="1.0" encoding="UTF-8"?>
<!-- Generated by org.testng.reporters.JUnitXMLReporter -->
<testsuite ignored="0" hostname="diwahars-MacBook-Pro.local" failures="0" tests="3" name="SubmitOrder" time="33.245" errors="0" timestamp="2025-06-11T11:21:33 IST">
  <testcase classname="test.SubmitOrder" name="submitorder" time="9.222"/>
  <testcase classname="test.SubmitOrder" name="submitorder" time="9.195"/>
  <testcase classname="test.SubmitOrder" name="productsunderorder" time="6.288"/>
</testsuite> <!-- SubmitOrder -->
