<?xml version="1.0" encoding="UTF-8"?>
<testng-results ignored="0" total="1" passed="1" failed="0" skipped="0">
  <reporter-output>
  </reporter-output>
  <suite started-at="2025-06-15T16:56:22 IST" name="Default suite" finished-at="2025-06-15T16:56:31 IST" duration-ms="8926">
    <groups>
      <group name="cucumber">
        <method signature="AbstractTestNGCucumberTests.runScenario(io.cucumber.testng.PickleWrapper,io.cucumber.testng.FeatureWrapper)[pri:0, instance:test.cucumber.setdefinition.testrunner@5aa9e4eb]" name="runScenario" class="io.cucumber.testng.AbstractTestNGCucumberTests"/>
      </group> <!-- cucumber -->
    </groups>
    <test started-at="2025-06-15T16:56:22 IST" name="Default test" finished-at="2025-06-15T16:56:31 IST" duration-ms="8926">
      <class name="test.cucumber.setdefinition.testrunner">
        <test-method is-config="true" signature="setUpClass(org.testng.ITestContext)[pri:0, instance:test.cucumber.setdefinition.testrunner@5aa9e4eb]" started-at="2025-06-15T16:56:22 IST" name="setUpClass" finished-at="2025-06-15T16:56:22 IST" duration-ms="168" status="PASS">
          <params>
            <param index="0">
              <value>
                <![CDATA[org.testng.TestRunner@2aa6311a]]>
              </value>
            </param>
          </params>
          <reporter-output>
          </reporter-output>
        </test-method> <!-- setUpClass -->
        <test-method signature="runScenario(io.cucumber.testng.PickleWrapper,io.cucumber.testng.FeatureWrapper)[pri:0, instance:test.cucumber.setdefinition.testrunner@5aa9e4eb]" started-at="2025-06-15T16:56:22 IST" name="runScenario" description="Runs Cucumber Scenarios" data-provider="scenarios" finished-at="2025-06-15T16:56:31 IST" duration-ms="8732" status="PASS">
          <params>
            <param index="0">
              <value>
                <![CDATA["positive test of submitting the order"]]>
              </value>
            </param>
            <param index="1">
              <value>
                <![CDATA["purchase the order form the ecommerce website"]]>
              </value>
            </param>
          </params>
          <reporter-output>
          </reporter-output>
        </test-method> <!-- runScenario -->
        <test-method is-config="true" signature="tearDownClass()[pri:0, instance:test.cucumber.setdefinition.testrunner@5aa9e4eb]" started-at="2025-06-15T16:56:31 IST" name="tearDownClass" finished-at="2025-06-15T16:56:31 IST" duration-ms="12" status="PASS">
          <reporter-output>
          </reporter-output>
        </test-method> <!-- tearDownClass -->
      </class> <!-- test.cucumber.setdefinition.testrunner -->
    </test> <!-- Default test -->
  </suite> <!-- Default suite -->
</testng-results>
